--------------------------------------------------------------------------
By default, for Open MPI 4.0 and later, infiniband ports on a device
are not used by default.  The intent is to use UCX for these devices.
You can override this policy by setting the btl_openib_allow_ib MCA parameter
to true.

  Local host:              n006
  Local adapter:           mlx4_0
  Local port:              1

--------------------------------------------------------------------------
--------------------------------------------------------------------------
WARNING: There was an error initializing an OpenFabrics device.

  Local host:   n006
  Local device: mlx4_0
--------------------------------------------------------------------------
# OSU MPI Bandwidth Test v5.8
# Size      Bandwidth (MB/s)
1                       7.92
2                      15.80
4                      31.74
8                      63.55
16                    125.23
32                    250.33
64                    384.83
128                   557.56
256                   880.88
512                  1869.10
1024                 3515.12
2048                 5898.65
4096                 3022.92
8192                 4580.91
16384                5593.43
32768                7568.43
65536                8861.65
131072               9239.08
262144               8547.13
524288               8174.52
1048576              8809.45
2097152              8878.02
4194304              8041.49
[n006.intern.lcc3.intra.uibk.ac.at:4140296] 1 more process has sent help message help-mpi-btl-openib.txt / ib port not selected
[n006.intern.lcc3.intra.uibk.ac.at:4140296] Set MCA parameter "orte_base_help_aggregate" to 0 to see all help / error messages
[n006.intern.lcc3.intra.uibk.ac.at:4140296] 1 more process has sent help message help-mpi-btl-openib.txt / error in device init
--------------------------------------------------------------------------
By default, for Open MPI 4.0 and later, infiniband ports on a device
are not used by default.  The intent is to use UCX for these devices.
You can override this policy by setting the btl_openib_allow_ib MCA parameter
to true.

  Local host:              n006
  Local adapter:           mlx4_0
  Local port:              1

--------------------------------------------------------------------------
--------------------------------------------------------------------------
WARNING: There was an error initializing an OpenFabrics device.

  Local host:   n006
  Local device: mlx4_0
--------------------------------------------------------------------------
# OSU MPI Latency Test v5.8
# Size          Latency (us)
0                       0.21
1                       0.25
2                       0.25
4                       0.25
8                       0.26
16                      0.26
32                      0.27
64                      0.29
128                     0.33
256                     0.38
512                     0.50
1024                    0.56
2048                    0.75
4096                    2.01
8192                    2.35
16384                   3.43
32768                   4.83
65536                   8.14
131072                 16.22
262144                 35.59
524288                 67.53
1048576               125.85
2097152               281.12
4194304               957.60
[n006.intern.lcc3.intra.uibk.ac.at:4140309] 1 more process has sent help message help-mpi-btl-openib.txt / ib port not selected
[n006.intern.lcc3.intra.uibk.ac.at:4140309] Set MCA parameter "orte_base_help_aggregate" to 0 to see all help / error messages
[n006.intern.lcc3.intra.uibk.ac.at:4140309] 1 more process has sent help message help-mpi-btl-openib.txt / error in device init
