--------------------------------------------------------------------------
By default, for Open MPI 4.0 and later, infiniband ports on a device
are not used by default.  The intent is to use UCX for these devices.
You can override this policy by setting the btl_openib_allow_ib MCA parameter
to true.

  Local host:              n010
  Local adapter:           mlx4_0
  Local port:              1

--------------------------------------------------------------------------
--------------------------------------------------------------------------
WARNING: There was an error initializing an OpenFabrics device.

  Local host:   n010
  Local device: mlx4_0
--------------------------------------------------------------------------
# OSU MPI Bandwidth Test v5.8
# Size      Bandwidth (MB/s)
1                       0.25
2                       0.49
4                       1.00
8                       1.92
16                      3.67
32                      6.87
64                     11.60
128                    22.95
256                    38.25
512                    62.94
1024                   80.57
2048                   93.98
4096                  104.12
8192                  110.24
16384                 113.84
32768                 115.40
65536                 966.58
131072               1149.28
262144               1257.49
524288               1310.30
1048576              1374.37
2097152              1368.54
4194304              1410.55
--------------------------------------------------------------------------
By default, for Open MPI 4.0 and later, infiniband ports on a device
are not used by default.  The intent is to use UCX for these devices.
You can override this policy by setting the btl_openib_allow_ib MCA parameter
to true.

  Local host:              n009
  Local adapter:           mlx4_0
  Local port:              1

--------------------------------------------------------------------------
--------------------------------------------------------------------------
WARNING: There was an error initializing an OpenFabrics device.

  Local host:   n009
  Local device: mlx4_0
--------------------------------------------------------------------------
# OSU MPI Latency Test v5.8
# Size          Latency (us)
0                      31.06
1                      51.98
2                      46.61
4                      34.08
8                      52.54
[n009.intern.lcc3.intra.uibk.ac.at:4034252] 1 more process has sent help message help-mpi-btl-openib.txt / ib port not selected
[n009.intern.lcc3.intra.uibk.ac.at:4034252] Set MCA parameter "orte_base_help_aggregate" to 0 to see all help / error messages
[n009.intern.lcc3.intra.uibk.ac.at:4034252] 1 more process has sent help message help-mpi-btl-openib.txt / error in device init
16                     53.81
32                     68.94
64                     65.51
128                    48.87
256                    73.92
512                    88.11
1024                   92.19
2048                  148.21
4096                  220.88
8192                  235.51
16384                 310.04
32768                 493.19
65536                 257.87
131072                397.92
262144                447.28
524288                695.51
1048576               929.10
2097152              1516.92
4194304              2882.20
