--------------------------------------------------------------------------
By default, for Open MPI 4.0 and later, infiniband ports on a device
are not used by default.  The intent is to use UCX for these devices.
You can override this policy by setting the btl_openib_allow_ib MCA parameter
to true.

  Local host:              n006
  Local adapter:           mlx4_0
  Local port:              1

--------------------------------------------------------------------------
--------------------------------------------------------------------------
WARNING: There was an error initializing an OpenFabrics device.

  Local host:   n006
  Local device: mlx4_0
--------------------------------------------------------------------------
# OSU MPI Bandwidth Test v5.8
# Size      Bandwidth (MB/s)
1                       7.41
2                      15.46
4                      30.89
8                      61.81
16                    121.67
32                    241.04
64                    378.44
128                   532.63
256                   843.62
512                  1857.17
1024                 3367.99
2048                 5441.60
4096                 2854.84
8192                 4574.55
16384                5461.42
32768                6767.13
65536                7736.20
131072               7955.72
262144               7893.66
524288               8033.11
1048576              7767.18
2097152              8564.62
4194304              8021.20
[n006.intern.lcc3.intra.uibk.ac.at:4154360] 1 more process has sent help message help-mpi-btl-openib.txt / ib port not selected
[n006.intern.lcc3.intra.uibk.ac.at:4154360] Set MCA parameter "orte_base_help_aggregate" to 0 to see all help / error messages
[n006.intern.lcc3.intra.uibk.ac.at:4154360] 1 more process has sent help message help-mpi-btl-openib.txt / error in device init
--------------------------------------------------------------------------
By default, for Open MPI 4.0 and later, infiniband ports on a device
are not used by default.  The intent is to use UCX for these devices.
You can override this policy by setting the btl_openib_allow_ib MCA parameter
to true.

  Local host:              n006
  Local adapter:           mlx4_0
  Local port:              1

--------------------------------------------------------------------------
--------------------------------------------------------------------------
WARNING: There was an error initializing an OpenFabrics device.

  Local host:   n006
  Local device: mlx4_0
--------------------------------------------------------------------------
# OSU MPI Latency Test v5.8
# Size          Latency (us)
0                       0.21
1                       0.25
2                       0.25
4                       0.25
8                       0.26
16                      0.26
32                      0.26
64                      0.28
128                     0.32
256                     0.36
512                     0.48
1024                    0.54
2048                    0.73
4096                    2.06
8192                    2.44
16384                   3.42
32768                   4.92
65536                   8.25
131072                 15.38
262144                 32.71
524288                 63.60
1048576               123.86
2097152               251.24
4194304               948.30
[n006.intern.lcc3.intra.uibk.ac.at:4154370] 1 more process has sent help message help-mpi-btl-openib.txt / ib port not selected
[n006.intern.lcc3.intra.uibk.ac.at:4154370] Set MCA parameter "orte_base_help_aggregate" to 0 to see all help / error messages
[n006.intern.lcc3.intra.uibk.ac.at:4154370] 1 more process has sent help message help-mpi-btl-openib.txt / error in device init
