--------------------------------------------------------------------------
By default, for Open MPI 4.0 and later, infiniband ports on a device
are not used by default.  The intent is to use UCX for these devices.
You can override this policy by setting the btl_openib_allow_ib MCA parameter
to true.

  Local host:              n005
  Local adapter:           mlx4_0
  Local port:              1

--------------------------------------------------------------------------
--------------------------------------------------------------------------
WARNING: There was an error initializing an OpenFabrics device.

  Local host:   n005
  Local device: mlx4_0
--------------------------------------------------------------------------
# OSU MPI Bandwidth Test v5.8
# Size      Bandwidth (MB/s)
1                       8.04
2                      16.21
4                      31.67
8                      63.06
16                    125.28
32                    253.24
64                    390.16
128                   554.88
256                   862.25
512                  1813.48
1024                 3442.86
2048                 5656.62
4096                 3024.72
8192                 4591.95
16384                5688.17
32768                7682.02
65536                8792.73
131072               8593.99
262144               7684.91
524288               7749.11
1048576              8323.94
2097152              8778.44
4194304              7543.88
[n005.intern.lcc3.intra.uibk.ac.at:4177438] 1 more process has sent help message help-mpi-btl-openib.txt / ib port not selected
[n005.intern.lcc3.intra.uibk.ac.at:4177438] Set MCA parameter "orte_base_help_aggregate" to 0 to see all help / error messages
[n005.intern.lcc3.intra.uibk.ac.at:4177438] 1 more process has sent help message help-mpi-btl-openib.txt / error in device init
--------------------------------------------------------------------------
By default, for Open MPI 4.0 and later, infiniband ports on a device
are not used by default.  The intent is to use UCX for these devices.
You can override this policy by setting the btl_openib_allow_ib MCA parameter
to true.

  Local host:              n005
  Local adapter:           mlx4_0
  Local port:              1

--------------------------------------------------------------------------
--------------------------------------------------------------------------
WARNING: There was an error initializing an OpenFabrics device.

  Local host:   n005
  Local device: mlx4_0
--------------------------------------------------------------------------
# OSU MPI Latency Test v5.8
# Size          Latency (us)
0                       0.21
1                       0.25
2                       0.25
4                       0.25
8                       0.25
16                      0.26
32                      0.26
64                      0.29
128                     0.33
256                     0.37
512                     0.51
1024                    0.55
2048                    0.74
4096                    1.98
8192                    2.44
16384                   3.44
32768                   4.87
65536                   8.14
131072                 15.57
262144                 34.03
524288                 65.78
1048576               127.06
2097152               269.78
4194304               933.59
[n005.intern.lcc3.intra.uibk.ac.at:4177448] 1 more process has sent help message help-mpi-btl-openib.txt / ib port not selected
[n005.intern.lcc3.intra.uibk.ac.at:4177448] Set MCA parameter "orte_base_help_aggregate" to 0 to see all help / error messages
[n005.intern.lcc3.intra.uibk.ac.at:4177448] 1 more process has sent help message help-mpi-btl-openib.txt / error in device init
