--------------------------------------------------------------------------
By default, for Open MPI 4.0 and later, infiniband ports on a device
are not used by default.  The intent is to use UCX for these devices.
You can override this policy by setting the btl_openib_allow_ib MCA parameter
to true.

  Local host:              n006
  Local adapter:           mlx4_0
  Local port:              1

--------------------------------------------------------------------------
--------------------------------------------------------------------------
WARNING: There was an error initializing an OpenFabrics device.

  Local host:   n006
  Local device: mlx4_0
--------------------------------------------------------------------------
# OSU MPI Bandwidth Test v5.8
# Size      Bandwidth (MB/s)
1                       0.22
2                       0.46
4                       0.88
8                       1.70
16                      3.20
32                      6.41
64                     10.67
128                    20.30
256                    34.75
512                    57.11
1024                   76.91
2048                   93.79
4096                  104.60
8192                  110.43
16384                 113.80
32768                 115.60
65536                1028.94
131072               1213.24
262144               1359.29
524288               1391.86
1048576              1409.28
2097152              1396.93
4194304              1454.70
--------------------------------------------------------------------------
By default, for Open MPI 4.0 and later, infiniband ports on a device
are not used by default.  The intent is to use UCX for these devices.
You can override this policy by setting the btl_openib_allow_ib MCA parameter
to true.

  Local host:              n006
  Local adapter:           mlx4_0
  Local port:              1

--------------------------------------------------------------------------
--------------------------------------------------------------------------
WARNING: There was an error initializing an OpenFabrics device.

  Local host:   n006
  Local device: mlx4_0
--------------------------------------------------------------------------
# OSU MPI Latency Test v5.8
# Size          Latency (us)
0                      36.66
1                      26.26
2                      27.00
4                      29.18
8                      27.54
16                     28.46
32                     26.41
64                     26.99
128                    27.07
256                    34.96
512                    52.66
1024                   81.83
2048                  138.13
4096                  210.39
8192                  233.47
16384                 316.37
32768                 464.81
65536                 328.71
131072                395.39
262144                482.11
524288                697.33
1048576              1028.95
2097152              1777.28
4194304              3306.80
